{"message":"Timestamp with id 4","level":"info"}
{"message":"Timestamp with id 5","level":"info"}
{"message":"Timestamp with id 6","level":"info"}
{"message":"Timestamp with id 7","level":"info"}
{"message":"Timestamp with id 8","level":"info"}
{"message":"Timestamp with id 9","level":"info"}
{"message":"Timestamp with id 10","level":"info"}
{"message":"Timestamp with id 11","level":"info"}
{"message":"Timestamp with id 12","level":"info"}
{"message":"Timestamp with id 13","level":"info"}
{"message":"Timestamp with id 14","level":"info"}
{"message":"Timestamp with id 15","level":"info"}
{"message":"Timestamp with id 4","level":"info"}
{"message":"media_id is required","level":"error"}
{"message":"Timestamp with id 5","level":"info"}
{"message":"Timestamp with id 6","level":"info"}
{"message":"Timestamp with id 4","level":"info"}
{"message":"Invalid update without required fields","level":"error"}
{"message":"Invalid update without required fields","level":"error"}
{"message":"Invalid update without required fields","level":"error"}
{"message":"Invalid update without required fields","level":"error"}
{"message":"Invalid update without required fields","level":"error"}
{"message":"Invalid update without required fields","level":"error"}
{"message":"Invalid update without required fields","level":"error"}
{"message":"Invalid update without required fields","level":"error"}
{"message":"Invalid update without required fields","level":"error"}
{"message":"Invalid update without required fields","level":"error"}
{"message":"Invalid update without required fields","level":"error"}
{"message":"Invalid update without required fields","level":"error"}
{"message":"Invalid update without required fields","level":"error"}
{"message":"Timestamp with id 4","level":"info"}
{"message":"Timestamp with id 4","level":"info"}
{"message":"Timestamp with id 4","level":"info"}
{"message":"Bark with id 4 deleted.","level":"info"}
{"message":"Bark with id 2 deleted.","level":"info"}
{"message":"Bark with id 3 deleted.","level":"info"}
{"message":"barks is required","level":"error"}
{"message":"'barks' is required","level":"error"}
{"message":"Bark with id 5","level":"info"}
{"message":"'barks' is required","level":"error"}
